Arguments: 
  /Users/markiearnold/.nvm/versions/node/v12.14.1/bin/node /usr/local/Cellar/yarn/1.21.1/libexec/bin/yarn.js add @emotion/cor

PATH: 
  /Users/markiearnold/.rbenv/shims:/Users/markiearnold/.nvm/versions/node/v12.14.1/bin:/usr/local/bin:/usr/bin:/bin:/usr/sbin:/sbin:/Library/Apple/usr/bin

Yarn version: 
  1.21.1

Node version: 
  12.14.1

Platform: 
  darwin x64

Trace: 
  Error: https://registry.yarnpkg.com/@emotion%2fcor: Not found
      at Request.params.callback [as _callback] (/usr/local/Cellar/yarn/1.21.1/libexec/lib/cli.js:66947:18)
      at Request.self.callback (/usr/local/Cellar/yarn/1.21.1/libexec/lib/cli.js:140665:22)
      at Request.emit (events.js:223:5)
      at Request.<anonymous> (/usr/local/Cellar/yarn/1.21.1/libexec/lib/cli.js:141637:10)
      at Request.emit (events.js:223:5)
      at IncomingMessage.<anonymous> (/usr/local/Cellar/yarn/1.21.1/libexec/lib/cli.js:141559:12)
      at Object.onceWrapper (events.js:312:28)
      at IncomingMessage.emit (events.js:228:7)
      at endReadableNT (_stream_readable.js:1185:12)
      at processTicksAndRejections (internal/process/task_queues.js:81:21)

npm manifest: 
  {
    "name": "handy-types",
    "version": "1.0.0",
    "description": "Utility Types for HandyUI",
    "main": "index.ts",
    "scripts": {
      "test": "echo \"Error: no test specified\" && exit 1"
    },
    "repository": {
      "type": "git",
      "url": "git+https://github.com/uihandbook/handy-types.git"
    },
    "keywords": [
      "uihandbook",
      "handyui",
      "types"
    ],
    "author": "ui-handbook",
    "license": "ISC",
    "bugs": {
      "url": "https://github.com/uihandbook/handy-types/issues"
    },
    "homepage": "https://github.com/uihandbook/handy-types#readme"
  }

yarn manifest: 
  No manifest

Lockfile: 
  No lockfile
